# JRE version: Java(TM) SE Runtime Environment (15.0.1+9) (build 15.0.1+9-18)
# Java VM: Java HotSpot(TM) 64-Bit Server VM (15.0.1+9-18, mixed mode, sharing, tiered, compressed oops, g1 gc, windows-amd64)
GC Precious Log:
 CPUs: 8 total, 8 available
 Memory: 8034M
 Large Page Support: Disabled
 NUMA Support: Disabled
 Compressed Oops: Enabled (Zero based)
 Heap Region Size: 4M
 Heap Min Capacity: 8M
 Heap Initial Capacity: 128M
 Heap Max Capacity: 4608M
 Pre-touch: Disabled
 Parallel Workers: 8
 Concurrent Workers: 2
 Concurrent Refinement Workers: 8
 Periodic GC: Disabled
Heap:
 garbage-first heap   total 98304K, used 59267K [0x00000006e0000000, 0x0000000800000000)
  region size 4096K, 7 young (28672K), 2 survivors (8192K)
 Metaspace       used 44713K, capacity 45477K, committed 45696K, reserved 1089536K
  class space    used 5970K, capacity 6251K, committed 6272K, reserved 1048576K
GC Heap History (20 events):
Event: 0.906 GC heap before
{Heap before GC invocations=1 (full 0):
 garbage-first heap   total 131072K, used 26270K [0x00000006e0000000, 0x0000000800000000)
  region size 4096K, 5 young (20480K), 1 survivors (4096K)
 Metaspace       used 4178K, capacity 6665K, committed 7040K, reserved 1056768K
  class space    used 506K, capacity 771K, committed 896K, reserved 1048576K
}
Event: 0.910 GC heap after
{Heap after GC invocations=2 (full 0):
 garbage-first heap   total 131072K, used 10769K [0x00000006e0000000, 0x0000000800000000)
  region size 4096K, 1 young (4096K), 1 survivors (4096K)
 Metaspace       used 4178K, capacity 6665K, committed 7040K, reserved 1056768K
  class space    used 506K, capacity 771K, committed 896K, reserved 1048576K
}
Event: 2.450 GC heap before
{Heap before GC invocations=2 (full 0):
 garbage-first heap   total 131072K, used 59921K [0x00000006e0000000, 0x0000000800000000)
  region size 4096K, 13 young (53248K), 1 survivors (4096K)
 Metaspace       used 9682K, capacity 9964K, committed 10112K, reserved 1058816K
  class space    used 1307K, capacity 1375K, committed 1408K, reserved 1048576K
}
Event: 2.455 GC heap after
{Heap after GC invocations=3 (full 0):
 garbage-first heap   total 131072K, used 17190K [0x00000006e0000000, 0x0000000800000000)
  region size 4096K, 2 young (8192K), 2 survivors (8192K)
 Metaspace       used 9682K, capacity 9964K, committed 10112K, reserved 1058816K
  class space    used 1307K, capacity 1375K, committed 1408K, reserved 1048576K
}
Event: 3.566 GC heap before
{Heap before GC invocations=3 (full 0):
 garbage-first heap   total 131072K, used 78630K [0x00000006e0000000, 0x0000000800000000)
  region size 4096K, 17 young (69632K), 2 survivors (8192K)
 Metaspace       used 19611K, capacity 20002K, committed 20096K, reserved 1067008K
  class space    used 2788K, capacity 2929K, committed 2944K, reserved 1048576K
}
Event: 3.572 GC heap after
{Heap after GC invocations=4 (full 0):
 garbage-first heap   total 131072K, used 20578K [0x00000006e0000000, 0x0000000800000000)
  region size 4096K, 1 young (4096K), 1 survivors (4096K)
 Metaspace       used 19611K, capacity 20002K, committed 20096K, reserved 1067008K
  class space    used 2788K, capacity 2929K, committed 2944K, reserved 1048576K
}
Event: 3.733 GC heap before
{Heap before GC invocations=4 (full 0):
 garbage-first heap   total 131072K, used 24674K [0x00000006e0000000, 0x0000000800000000)
  region size 4096K, 3 young (12288K), 1 survivors (4096K)
 Metaspace       used 20645K, capacity 21090K, committed 21248K, reserved 1067008K
  class space    used 2941K, capacity 3057K, committed 3072K, reserved 1048576K
}
Event: 3.736 GC heap after
{Heap after GC invocations=5 (full 0):
 garbage-first heap   total 131072K, used 20905K [0x00000006e0000000, 0x0000000800000000)
  region size 4096K, 1 young (4096K), 1 survivors (4096K)
 Metaspace       used 20645K, capacity 21090K, committed 21248K, reserved 1067008K
  class space    used 2941K, capacity 3057K, committed 3072K, reserved 1048576K
}
Event: 4.562 GC heap before
{Heap before GC invocations=6 (full 0):
 garbage-first heap   total 98304K, used 70057K [0x00000006e0000000, 0x0000000800000000)
  region size 4096K, 14 young (57344K), 1 survivors (4096K)
 Metaspace       used 28513K, capacity 28982K, committed 29184K, reserved 1075200K
  class space    used 3872K, capacity 4004K, committed 4096K, reserved 1048576K
}
Event: 4.570 GC heap after
{Heap after GC invocations=7 (full 0):
 garbage-first heap   total 98304K, used 26147K [0x00000006e0000000, 0x0000000800000000)
  region size 4096K, 2 young (8192K), 2 survivors (8192K)
 Metaspace       used 28513K, capacity 28982K, committed 29184K, reserved 1075200K
  class space    used 3872K, capacity 4004K, committed 4096K, reserved 1048576K
}
Event: 6.043 GC heap before
{Heap before GC invocations=7 (full 0):
 garbage-first heap   total 98304K, used 58915K [0x00000006e0000000, 0x0000000800000000)
  region size 4096K, 11 young (45056K), 2 survivors (8192K)
 Metaspace       used 31822K, capacity 32403K, committed 32640K, reserved 1077248K
  class space    used 4236K, capacity 4394K, committed 4480K, reserved 1048576K
}
Event: 6.050 GC heap after
{Heap after GC invocations=8 (full 0):
 garbage-first heap   total 98304K, used 28981K [0x00000006e0000000, 0x0000000800000000)
  region size 4096K, 1 young (4096K), 1 survivors (4096K)
 Metaspace       used 31822K, capacity 32403K, committed 32640K, reserved 1077248K
  class space    used 4236K, capacity 4394K, committed 4480K, reserved 1048576K
}
Event: 14.524 GC heap before
{Heap before GC invocations=8 (full 0):
 garbage-first heap   total 98304K, used 61749K [0x00000006e0000000, 0x0000000800000000)
  region size 4096K, 9 young (36864K), 1 survivors (4096K)
 Metaspace       used 34770K, capacity 35515K, committed 35584K, reserved 1079296K
  class space    used 4546K, capacity 4803K, committed 4864K, reserved 1048576K
}
Event: 14.528 GC heap after
{Heap after GC invocations=9 (full 0):
 garbage-first heap   total 98304K, used 31334K [0x00000006e0000000, 0x0000000800000000)
  region size 4096K, 2 young (8192K), 2 survivors (8192K)
 Metaspace       used 34770K, capacity 35515K, committed 35584K, reserved 1079296K
  class space    used 4546K, capacity 4803K, committed 4864K, reserved 1048576K
}
Event: 14.537 GC heap before
{Heap before GC invocations=9 (full 0):
 garbage-first heap   total 98304K, used 31334K [0x00000006e0000000, 0x0000000800000000)
  region size 4096K, 3 young (12288K), 2 survivors (8192K)
 Metaspace       used 34831K, capacity 35515K, committed 35584K, reserved 1079296K
  class space    used 4560K, capacity 4803K, committed 4864K, reserved 1048576K
}
Event: 14.541 GC heap after
{Heap after GC invocations=10 (full 0):
 garbage-first heap   total 98304K, used 31475K [0x00000006e0000000, 0x0000000800000000)
  region size 4096K, 1 young (4096K), 1 survivors (4096K)
 Metaspace       used 34831K, capacity 35515K, committed 35584K, reserved 1079296K
  class space    used 4560K, capacity 4803K, committed 4864K, reserved 1048576K
}
Event: 15.170 GC heap before
{Heap before GC invocations=11 (full 0):
 garbage-first heap   total 98304K, used 68339K [0x00000006e0000000, 0x0000000800000000)
  region size 4096K, 10 young (40960K), 1 survivors (4096K)
 Metaspace       used 39041K, capacity 39815K, committed 39936K, reserved 1083392K
  class space    used 5235K, capacity 5519K, committed 5632K, reserved 1048576K
}
Event: 15.174 GC heap after
{Heap after GC invocations=12 (full 0):
 garbage-first heap   total 98304K, used 33698K [0x00000006e0000000, 0x0000000800000000)
  region size 4096K, 2 young (8192K), 2 survivors (8192K)
 Metaspace       used 39041K, capacity 39815K, committed 39936K, reserved 1083392K
  class space    used 5235K, capacity 5519K, committed 5632K, reserved 1048576K
}
Event: 15.924 GC heap before
{Heap before GC invocations=12 (full 0):
 garbage-first heap   total 98304K, used 70562K [0x00000006e0000000, 0x0000000800000000)
  region size 4096K, 10 young (40960K), 2 survivors (8192K)
 Metaspace       used 41798K, capacity 42639K, committed 42752K, reserved 1085440K
  class space    used 5589K, capacity 5884K, committed 5888K, reserved 1048576K
}
Event: 15.933 GC heap after
{Heap after GC invocations=13 (full 0):
 garbage-first heap   total 98304K, used 42883K [0x00000006e0000000, 0x0000000800000000)
  region size 4096K, 2 young (8192K), 2 survivors (8192K)
 Metaspace       used 41798K, capacity 42639K, committed 42752K, reserved 1085440K
  class space    used 5589K, capacity 5884K, committed 5888K, reserved 1048576K
}

