# JRE version: Java(TM) SE Runtime Environment (15.0.1+9) (build 15.0.1+9-18)
# Java VM: Java HotSpot(TM) 64-Bit Server VM (15.0.1+9-18, mixed mode, sharing, tiered, compressed oops, g1 gc, windows-amd64)
GC Precious Log:
 CPUs: 8 total, 8 available
 Memory: 8034M
 Large Page Support: Disabled
 NUMA Support: Disabled
 Compressed Oops: Enabled (Zero based)
 Heap Region Size: 4M
 Heap Min Capacity: 8M
 Heap Initial Capacity: 128M
 Heap Max Capacity: 4608M
 Pre-touch: Disabled
 Parallel Workers: 8
 Concurrent Workers: 2
 Concurrent Refinement Workers: 8
 Periodic GC: Disabled
Heap:
 garbage-first heap   total 389120K, used 224424K [0x00000006e0000000, 0x0000000800000000)
  region size 4096K, 25 young (102400K), 5 survivors (20480K)
 Metaspace       used 105238K, capacity 107741K, committed 107992K, reserved 1142784K
  class space    used 13694K, capacity 14590K, committed 14592K, reserved 1048576K
GC Heap History (20 events):
Event: 24.240 GC heap before
{Heap before GC invocations=32 (full 0):
 garbage-first heap   total 184320K, used 127515K [0x00000006e0000000, 0x0000000800000000)
  region size 4096K, 8 young (32768K), 1 survivors (4096K)
 Metaspace       used 73522K, capacity 74760K, committed 74840K, reserved 1114112K
  class space    used 9637K, capacity 10099K, committed 10112K, reserved 1048576K
}
Event: 24.254 GC heap after
{Heap after GC invocations=33 (full 0):
 garbage-first heap   total 184320K, used 115501K [0x00000006e0000000, 0x0000000800000000)
  region size 4096K, 1 young (4096K), 1 survivors (4096K)
 Metaspace       used 73522K, capacity 74760K, committed 74840K, reserved 1114112K
  class space    used 9637K, capacity 10099K, committed 10112K, reserved 1048576K
}
Event: 24.363 GC heap before
{Heap before GC invocations=33 (full 0):
 garbage-first heap   total 233472K, used 135981K [0x00000006e0000000, 0x0000000800000000)
  region size 4096K, 6 young (24576K), 1 survivors (4096K)
 Metaspace       used 73522K, capacity 74760K, committed 74840K, reserved 1114112K
  class space    used 9637K, capacity 10099K, committed 10112K, reserved 1048576K
}
Event: 24.376 GC heap after
{Heap after GC invocations=34 (full 0):
 garbage-first heap   total 233472K, used 123507K [0x00000006e0000000, 0x0000000800000000)
  region size 4096K, 1 young (4096K), 1 survivors (4096K)
 Metaspace       used 73522K, capacity 74760K, committed 74840K, reserved 1114112K
  class space    used 9637K, capacity 10099K, committed 10112K, reserved 1048576K
}
Event: 24.726 GC heap before
{Heap before GC invocations=35 (full 0):
 garbage-first heap   total 233472K, used 164467K [0x00000006e0000000, 0x0000000800000000)
  region size 4096K, 11 young (45056K), 1 survivors (4096K)
 Metaspace       used 73573K, capacity 74856K, committed 74968K, reserved 1114112K
  class space    used 9644K, capacity 10131K, committed 10240K, reserved 1048576K
}
Event: 24.740 GC heap after
{Heap after GC invocations=36 (full 0):
 garbage-first heap   total 233472K, used 135147K [0x00000006e0000000, 0x0000000800000000)
  region size 4096K, 2 young (8192K), 2 survivors (8192K)
 Metaspace       used 73573K, capacity 74856K, committed 74968K, reserved 1114112K
  class space    used 9644K, capacity 10131K, committed 10240K, reserved 1048576K
}
Event: 24.766 GC heap before
{Heap before GC invocations=36 (full 0):
 garbage-first heap   total 233472K, used 139243K [0x00000006e0000000, 0x0000000800000000)
  region size 4096K, 3 young (12288K), 2 survivors (8192K)
 Metaspace       used 73573K, capacity 74856K, committed 74968K, reserved 1114112K
  class space    used 9644K, capacity 10131K, committed 10240K, reserved 1048576K
}
Event: 24.783 GC heap after
{Heap after GC invocations=37 (full 0):
 garbage-first heap   total 233472K, used 120847K [0x00000006e0000000, 0x0000000800000000)
  region size 4096K, 1 young (4096K), 1 survivors (4096K)
 Metaspace       used 73573K, capacity 74856K, committed 74968K, reserved 1114112K
  class space    used 9644K, capacity 10131K, committed 10240K, reserved 1048576K
}
Event: 25.459 GC heap before
{Heap before GC invocations=37 (full 0):
 garbage-first heap   total 233472K, used 165903K [0x00000006e0000000, 0x0000000800000000)
  region size 4096K, 12 young (49152K), 1 survivors (4096K)
 Metaspace       used 74593K, capacity 76024K, committed 76376K, reserved 1116160K
  class space    used 9745K, capacity 10262K, committed 10368K, reserved 1048576K
}
Event: 25.467 GC heap after
{Heap after GC invocations=38 (full 0):
 garbage-first heap   total 389120K, used 126935K [0x00000006e0000000, 0x0000000800000000)
  region size 4096K, 2 young (8192K), 2 survivors (8192K)
 Metaspace       used 74593K, capacity 76024K, committed 76376K, reserved 1116160K
  class space    used 9745K, capacity 10262K, committed 10368K, reserved 1048576K
}
Event: 27.387 GC heap before
{Heap before GC invocations=39 (full 0):
 garbage-first heap   total 389120K, used 249815K [0x00000006e0000000, 0x0000000800000000)
  region size 4096K, 32 young (131072K), 2 survivors (8192K)
 Metaspace       used 86204K, capacity 87981K, committed 88280K, reserved 1126400K
  class space    used 11129K, capacity 11718K, committed 11776K, reserved 1048576K
}
Event: 27.402 GC heap after
{Heap after GC invocations=40 (full 0):
 garbage-first heap   total 389120K, used 142268K [0x00000006e0000000, 0x0000000800000000)
  region size 4096K, 4 young (16384K), 4 survivors (16384K)
 Metaspace       used 86204K, capacity 87981K, committed 88280K, reserved 1126400K
  class space    used 11129K, capacity 11718K, committed 11776K, reserved 1048576K
}
Event: 27.435 GC heap before
{Heap before GC invocations=40 (full 0):
 garbage-first heap   total 389120K, used 146364K [0x00000006e0000000, 0x0000000800000000)
  region size 4096K, 5 young (20480K), 4 survivors (16384K)
 Metaspace       used 86254K, capacity 88021K, committed 88280K, reserved 1126400K
  class space    used 11136K, capacity 11754K, committed 11776K, reserved 1048576K
}
Event: 27.507 GC heap after
{Heap after GC invocations=41 (full 0):
 garbage-first heap   total 389120K, used 113225K [0x00000006e0000000, 0x0000000800000000)
  region size 4096K, 1 young (4096K), 1 survivors (4096K)
 Metaspace       used 86254K, capacity 88021K, committed 88280K, reserved 1126400K
  class space    used 11136K, capacity 11754K, committed 11776K, reserved 1048576K
}
Event: 36.526 GC heap before
{Heap before GC invocations=41 (full 0):
 garbage-first heap   total 389120K, used 240201K [0x00000006e0000000, 0x0000000800000000)
  region size 4096K, 32 young (131072K), 1 survivors (4096K)
 Metaspace       used 94057K, capacity 96082K, committed 96344K, reserved 1132544K
  class space    used 12350K, capacity 13075K, committed 13184K, reserved 1048576K
}
Event: 36.536 GC heap after
{Heap after GC invocations=42 (full 0):
 garbage-first heap   total 389120K, used 124350K [0x00000006e0000000, 0x0000000800000000)
  region size 4096K, 4 young (16384K), 4 survivors (16384K)
 Metaspace       used 94057K, capacity 96082K, committed 96344K, reserved 1132544K
  class space    used 12350K, capacity 13075K, committed 13184K, reserved 1048576K
}
Event: 36.678 GC heap before
{Heap before GC invocations=42 (full 0):
 garbage-first heap   total 389120K, used 132542K [0x00000006e0000000, 0x0000000800000000)
  region size 4096K, 7 young (28672K), 4 survivors (16384K)
 Metaspace       used 94090K, capacity 96096K, committed 96344K, reserved 1132544K
  class space    used 12351K, capacity 13077K, committed 13184K, reserved 1048576K
}
Event: 36.688 GC heap after
{Heap after GC invocations=43 (full 0):
 garbage-first heap   total 389120K, used 130886K [0x00000006e0000000, 0x0000000800000000)
  region size 4096K, 2 young (8192K), 2 survivors (8192K)
 Metaspace       used 94090K, capacity 96096K, committed 96344K, reserved 1132544K
  class space    used 12351K, capacity 13077K, committed 13184K, reserved 1048576K
}
Event: 69.498 GC heap before
{Heap before GC invocations=44 (full 0):
 garbage-first heap   total 389120K, used 261958K [0x00000006e0000000, 0x0000000800000000)
  region size 4096K, 33 young (135168K), 2 survivors (8192K)
 Metaspace       used 98342K, capacity 100624K, committed 100696K, reserved 1136640K
  class space    used 12819K, capacity 13646K, committed 13696K, reserved 1048576K
}
Event: 69.559 GC heap after
{Heap after GC invocations=45 (full 0):
 garbage-first heap   total 389120K, used 146600K [0x00000006e0000000, 0x0000000800000000)
  region size 4096K, 5 young (20480K), 5 survivors (20480K)
 Metaspace       used 98342K, capacity 100624K, committed 100696K, reserved 1136640K
  class space    used 12819K, capacity 13646K, committed 13696K, reserved 1048576K
}

